<?xml version="1.0" encoding="UTF-8"?>
<testng-results skipped="0" failed="0" ignored="0" total="1" passed="1">
  <reporter-output>
  </reporter-output>
  <suite name="Facebook.com" duration-ms="12490" started-at="2021-07-29T11:28:47Z" finished-at="2021-07-29T11:28:59Z">
    <groups>
    </groups>
    <test name="Test" duration-ms="12490" started-at="2021-07-29T11:28:47Z" finished-at="2021-07-29T11:28:59Z">
      <class name="com.facebook.testCases.TC_FacebookLoginPage_001">
        <test-method status="PASS" signature="setup(java.lang.String)[pri:0, instance:com.facebook.testCases.TC_FacebookLoginPage_001@2ed0fbae]" name="setup" is-config="true" duration-ms="5384" started-at="2021-07-29T11:28:47Z" finished-at="2021-07-29T11:28:52Z">
          <params>
            <param index="0">
              <value>
                <![CDATA[chrome]]>
              </value>
            </param>
          </params>
          <reporter-output>
          </reporter-output>
        </test-method> <!-- setup -->
        <test-method status="PASS" signature="verifyFacbookLoginPageFunctionality()[pri:0, instance:com.facebook.testCases.TC_FacebookLoginPage_001@2ed0fbae]" name="verifyFacbookLoginPageFunctionality" duration-ms="6067" started-at="2021-07-29T11:28:53Z" finished-at="2021-07-29T11:28:59Z">
          <reporter-output>
          </reporter-output>
        </test-method> <!-- verifyFacbookLoginPageFunctionality -->
        <test-method status="PASS" signature="teardown()[pri:0, instance:com.facebook.testCases.TC_FacebookLoginPage_001@2ed0fbae]" name="teardown" is-config="true" duration-ms="716" started-at="2021-07-29T11:28:59Z" finished-at="2021-07-29T11:28:59Z">
          <reporter-output>
          </reporter-output>
        </test-method> <!-- teardown -->
      </class> <!-- com.facebook.testCases.TC_FacebookLoginPage_001 -->
    </test> <!-- Test -->
  </suite> <!-- Facebook.com -->
</testng-results>
