<?xml version="1.0" encoding="UTF-8"?>
<testng-results ignored="0" total="1" passed="1" failed="0" skipped="0">
  <reporter-output>
  </reporter-output>
  <suite started-at="2021-07-29T11:11:18Z" name="Facebook.com" finished-at="2021-07-29T11:11:29Z" duration-ms="11034">
    <groups>
    </groups>
    <test started-at="2021-07-29T11:11:18Z" name="Test" finished-at="2021-07-29T11:11:29Z" duration-ms="11034">
      <class name="com.facebook.testCases.TC_FacebookLoginPage_001">
        <test-method is-config="true" signature="setup(java.lang.String)[pri:0, instance:com.facebook.testCases.TC_FacebookLoginPage_001@5456afaa]" started-at="2021-07-29T11:11:19Z" name="setup" finished-at="2021-07-29T11:11:24Z" duration-ms="5510" status="PASS">
          <params>
            <param index="0">
              <value>
                <![CDATA[chrome]]>
              </value>
            </param>
          </params>
          <reporter-output>
          </reporter-output>
        </test-method> <!-- setup -->
        <test-method signature="verifyFacbookLoginPageFunctionality()[pri:0, instance:com.facebook.testCases.TC_FacebookLoginPage_001@5456afaa]" started-at="2021-07-29T11:11:24Z" name="verifyFacbookLoginPageFunctionality" finished-at="2021-07-29T11:11:29Z" duration-ms="5116" status="PASS">
          <reporter-output>
          </reporter-output>
        </test-method> <!-- verifyFacbookLoginPageFunctionality -->
      </class> <!-- com.facebook.testCases.TC_FacebookLoginPage_001 -->
    </test> <!-- Test -->
  </suite> <!-- Facebook.com -->
</testng-results>
