<?xml version="1.0" encoding="UTF-8"?>
<testng-results ignored="0" total="1" passed="1" failed="0" skipped="0">
  <reporter-output>
  </reporter-output>
  <suite started-at="2021-07-30T08:05:06Z" name="Facebook.com" finished-at="2021-07-30T08:05:24Z" duration-ms="17921">
    <groups>
    </groups>
    <test started-at="2021-07-30T08:05:06Z" name="Test" finished-at="2021-07-30T08:05:24Z" duration-ms="17921">
      <class name="com.facebook.testCases.TC_FacebookProfile_002">
        <test-method is-config="true" signature="setup(java.lang.String)[pri:0, instance:com.facebook.testCases.TC_FacebookProfile_002@f107c50]" started-at="2021-07-30T08:05:06Z" name="setup" finished-at="2021-07-30T08:05:11Z" duration-ms="4874" status="PASS">
          <params>
            <param index="0">
              <value>
                <![CDATA[chrome]]>
              </value>
            </param>
          </params>
          <reporter-output>
          </reporter-output>
        </test-method> <!-- setup -->
        <test-method signature="verifyFacebookProfilePicture()[pri:0, instance:com.facebook.testCases.TC_FacebookProfile_002@f107c50]" started-at="2021-07-30T08:05:11Z" name="verifyFacebookProfilePicture" finished-at="2021-07-30T08:05:23Z" duration-ms="11958" status="PASS">
          <reporter-output>
          </reporter-output>
        </test-method> <!-- verifyFacebookProfilePicture -->
        <test-method is-config="true" signature="teardown()[pri:0, instance:com.facebook.testCases.TC_FacebookProfile_002@f107c50]" started-at="2021-07-30T08:05:23Z" name="teardown" finished-at="2021-07-30T08:05:24Z" duration-ms="557" status="PASS">
          <reporter-output>
          </reporter-output>
        </test-method> <!-- teardown -->
      </class> <!-- com.facebook.testCases.TC_FacebookProfile_002 -->
    </test> <!-- Test -->
  </suite> <!-- Facebook.com -->
</testng-results>
